-------------------------------------------------------------------------------
Test set: com.appium.generalStore.ScreenTests.LoginScreenTest
-------------------------------------------------------------------------------
Tests run: 2, Failures: 1, Errors: 0, Skipped: 1, Time elapsed: 0.836 s <<< FAILURE! - in com.appium.generalStore.ScreenTests.LoginScreenTest
com.appium.generalStore.ScreenTests.LoginScreenTest.setUp  Time elapsed: 0.719 s  <<< FAILURE!
java.lang.NoClassDefFoundError: org/openqa/selenium/Rotatable
Caused by: java.lang.ClassNotFoundException: org.openqa.selenium.Rotatable

